0 silly argv {
0 silly argv   _: [ 'run' ],
0 silly argv   lernaVersion: '8.1.9',
0 silly argv   '$0': 'node_modules\\lerna\\dist\\cli.js',
0 silly argv   script: 'build'
0 silly argv }
1 notice cli v8.1.9
2 verbose packageConfigs Explicit "packages" configuration found in lerna.json. Resolving packages using the configured glob(s): ["engine","games/**"]
3 verbose rootPath C:\Users\gukul\workspace\ArtCraftEngine
4 error Failed to process project graph. Run "nx reset" to fix this. Please report the issue if you keep seeing it.
4 error       MultipleProjectsWithSameNameError: The following projects are defined in multiple locations:
4 error   - falling-letters:
4 error     - games/fallingletter
4 error     - games/player
4 error
4 error   To fix this, set a unique name for each project in a project.json inside the project's root. If the project does not currently have a project.json, you can create one that contains only a name.
4 error       at validateAndNormalizeProjectRootMap (C:\Users\gukul\workspace\ArtCraftEngine\node_modules\nx\src\project-graph\utils\project-configuration-utils.js:439:15)
4 error       at mergeCreateNodesResults (C:\Users\gukul\workspace\ArtCraftEngine\node_modules\nx\src\project-graph\utils\project-configuration-utils.js:325:9)
4 error       at C:\Users\gukul\workspace\ArtCraftEngine\node_modules\nx\src\project-graph\utils\project-configuration-utils.js:270:85
4 error       at process.processTicksAndRejections (node:internal/process/task_queues:95:5)
4 error       at async buildProjectGraphAndSourceMapsWithoutDaemon (C:\Users\gukul\workspace\ArtCraftEngine\node_modules\nx\src\project-graph\project-graph.js:80:31)
4 error       at async createProjectGraphAndSourceMapsAsync (C:\Users\gukul\workspace\ArtCraftEngine\node_modules\nx\src\project-graph\project-graph.js:208:25)
4 error       at async createProjectGraphAsync (C:\Users\gukul\workspace\ArtCraftEngine\node_modules\nx\src\project-graph\project-graph.js:198:39)
4 error       at async detectProjects (C:\Users\gukul\workspace\ArtCraftEngine\node_modules\lerna\dist\index.js:2999:25)
